0.400/Sdks/Microsoft.NET.Sdk/targets/Microsoft.NET.Sdk.targets".
       Overriding target "GenerateSupportedTargetFrameworkAlias" in project "/home/odin/.dotnet/sdk/7.0.400/Microsoft.Common.CurrentVersion.targets" with target "GenerateSupportedTargetFrameworkAlias" from project "/home/odin/.dotnet/sdk/7.0.400/Sdks/Microsoft.NET.Sdk/targets/Microsoft.NET.Sdk.targets".
       Overriding target "GetReferenceAssemblyPaths" in project "/home/odin/.dotnet/sdk/7.0.400/Microsoft.Common.CurrentVersion.targets" with target "GetReferenceAssemblyPaths" from project "/home/odin/.dotnet/sdk/7.0.400/Sdks/Microsoft.NET.Sdk/targets/Microsoft.NET.DisableStandardFrameworkResolution.targets".
       Overriding target "GetFrameworkPaths" in project "/home/odin/.dotnet/sdk/7.0.400/Microsoft.Common.CurrentVersion.targets" with target "GetFrameworkPaths" from project "/home/odin/.dotnet/sdk/7.0.400/Sdks/Microsoft.NET.Sdk/targets/Microsoft.NET.DisableStandardFrameworkResolution.targets".
       Overriding target "DesignerRuntimeImplementationProjectOutputGroup" in project "/home/odin/.dotnet/sdk/7.0.400/Microsoft.Common.CurrentVersion.targets" with target "DesignerRuntimeImplementationProjectOutputGroup" from project "/home/odin/.dotnet/sdk/7.0.400/Sdks/Microsoft.NET.Sdk/targets/Microsoft.NET.DesignerSupport.targets".
       Overriding target "Publish" in project "/home/odin/.dotnet/sdk/7.0.400/Microsoft.Common.CurrentVersion.targets" with target "Publish" from project "/home/odin/.dotnet/sdk/7.0.400/Sdks/Microsoft.NET.Sdk/targets/Microsoft.NET.Publish.targets".
       Overriding target "ResolveReadyToRunCompilers" in project "/home/odin/.dotnet/sdk/7.0.400/Sdks/Microsoft.NET.Sdk/targets/Microsoft.NET.CrossGen.targets" with target "ResolveReadyToRunCompilers" from project "/home/odin/.dotnet/sdk/7.0.400/Sdks/Microsoft.NET.Sdk/targets/Microsoft.NET.Publish.targets".
       Overriding target "GetCopyToPublishDirectoryItems" in project "/home/odin/.dotnet/sdk/7.0.400/Microsoft.Common.CurrentVersion.targets" with target "GetCopyToPublishDirectoryItems" from project "/home/odin/.dotnet/sdk/7.0.400/Sdks/Microsoft.NET.Sdk/targets/Microsoft.NET.Publish.targets".
       Overriding target "BeforePublish" in project "/home/odin/.dotnet/sdk/7.0.400/Microsoft.Common.CurrentVersion.targets" with target "BeforePublish" from project "/home/odin/.dotnet/sdk/7.0.400/Sdks/Microsoft.NET.Sdk.Publish/targets/Microsoft.NET.Sdk.Publish.targets".
       Overriding target "AfterPublish" in project "/home/odin/.dotnet/sdk/7.0.400/Microsoft.Common.CurrentVersion.targets" with target "AfterPublish" from project "/home/odin/.dotnet/sdk/7.0.400/Sdks/Microsoft.NET.Sdk.Publish/targets/Microsoft.NET.Sdk.Publish.targets".
       The target "CollectUpToDateCheckInputDesignTime" listed in a BeforeTargets attribute at "/home/odin/.dotnet/sdk/7.0.400/Sdks/Microsoft.NET.Sdk.Razor/targets/Microsoft.NET.Sdk.Razor.ScopedCss.targets (164,5)" does not exist in the project, and will be ignored.
       The target "CollectUpToDateCheckBuiltDesignTime" listed in a BeforeTargets attribute at "/home/odin/.dotnet/sdk/7.0.400/Sdks/Microsoft.NET.Sdk.Razor/targets/Microsoft.NET.Sdk.Razor.ScopedCss.targets (164,5)" does not exist in the project, and will be ignored.
       The target "RazorGenerateComponentDeclaration" listed in an AfterTargets attribute at "/home/odin/.dotnet/sdk/7.0.400/Sdks/Microsoft.NET.Sdk.Razor/targets/Microsoft.NET.Sdk.Razor.DesignTime.targets (55,53)" does not exist in the project, and will be ignored.
     1>Project "/home/odin/CODE/Titan/GUI2/GUI2.csproj" (1) is building "/home/odin/CODE/Titan/GUI2/GUI2.csproj" (1:2) on node 1 (_IsProjectRestoreSupported target(s)).
   1:2>Target "_IsProjectRestoreSupported" in file "/home/odin/.dotnet/sdk/7.0.400/NuGet.targets" from project "/home/odin/CODE/Titan/GUI2/GUI2.csproj" (entry point):
   1:2>Done building target "_IsProjectRestoreSupported" in project "GUI2.csproj".
   1:2>Done Building Project "/home/odin/CODE/Titan/GUI2/GUI2.csproj" (_IsProjectRestoreSupported target(s)).
     1>Done executing task "MSBuild".
       Task "MSBuild" skipped, due to false condition; ( '$(RestoreUseSkipNonexistentTargets)' != 'true' ) was evaluated as ( 'true' != 'true' ).
       Assembly loaded during TaskRun: NuGet.Build.Tasks, Version=6.7.0.111, Culture=neutral, PublicKeyToken=31bf3856ad364e35 (location: /home/odin/.dotnet/sdk/7.0.400/NuGet.Build.Tasks.dll, MVID: 4e69d118-2af7-4cb0-9e9b-89e10dc4ea26, AppDomain: [Default])
       Assembly loaded during TaskRun: NuGet.Common, Version=6.7.0.111, Culture=neutral, PublicKeyToken=31bf3856ad364e35 (location: /home/odin/.dotnet/sdk/7.0.400/NuGet.Common.dll, MVID: 084e4d16-fa5e-42fe-a636-67bdf490bc56, AppDomain: [Default])
       Assembly loaded during TaskRun: NuGet.Commands, Version=6.7.0.111, Culture=neutral, PublicKeyToken=31bf3856ad364e35 (location: /home/odin/.dotnet/sdk/7.0.400/NuGet.Commands.dll, MVID: a8b762ec-d875-4186-b505-707bca4170f7, AppDomain: [Default])
       Assembly loaded during TaskRun: NuGet.ProjectModel, Version=6.7.0.111, Culture=neutral, PublicKeyToken=31bf3856ad364e35 (location: /home/odin/.dotnet/sdk/7.0.400/NuGet.ProjectModel.dll, MVID: c5d37380-814d-4b53-830a-eab4c3f4163a, AppDomain: [Default])
       Using "WarnForInvalidProjectsTask" task from assembly "/home/odin/.dotnet/sdk/7.0.400/NuGet.Build.Tasks.dll".
       Task "WarnForInvalidProjectsTask"
         (in) AllProjects '/home/odin/CODE/Titan/GUI2/GUI2.csproj'
         (in) ValidProjects '/home/odin/CODE/Titan/GUI2/GUI2.csproj'
       Done executing task "WarnForInvalidProjectsTask".
     1>Done building target "_FilterRestoreGraphProjectInputItems" in project "GUI2.csproj".
       Target "_FilterRestoreGraphProjectInputItems" skipped. Previously built successfully.
     1>Target "_GetAllRestoreProjectPathItems" in file "/home/odin/.dotnet/sdk/7.0.400/NuGet.targets" from project "/home/odin/CODE/Titan/GUI2/GUI2.csproj" (target "_GenerateRestoreGraph" depends on it):
       Using "NuGetMessageTask" task from assembly "/home/odin/.dotnet/sdk/7.0.400/NuGet.Build.Tasks.dll".
       Task "NuGetMessageTask"
         Determining projects to restore...
       Done executing task "NuGetMessageTask".
       Task "MSBuild"
         Global Properties:
           ExcludeRestorePackageImports=true
     1>Project "/home/odin/CODE/Titan/GUI2/GUI2.csproj" (1) is building "/home/odin/CODE/Titan/GUI2/GUI2.csproj" (1:3) on node 1 (_GenerateRestoreProjectPathWalk target(s)).
   1:3>Target "_GenerateRestoreProjectPathItemsAllFrameworks" skipped, due to false condition; ( '$(TargetFrameworks)' != '' ) was evaluated as ( '' != '' ).
   1:3>Target "_GenerateRestoreProjectPathItemsPerFramework" in file "/home/odin/.dotnet/sdk/7.0.400/NuGet.targets" from project "/home/odin/CODE/Titan/GUI2/GUI2.csproj" (target "_GenerateRestoreProjectPathItemsCurrentProject" depends on it):
       Using "ConvertToAbsolutePath" task from assembly "Microsoft.Build.Tasks.Core, Version=15.1.0.0, Culture=neutral, PublicKeyToken=b03f5f7f11d50a3a".
       Task "ConvertToAbsolutePath"
       Done executing task "ConvertToAbsolutePath".
   1:3>Done building target "_GenerateRestoreProjectPathItemsPerFramework" in project "GUI2.csproj".
   1:3>Target "_GenerateRestoreProjectPathItemsCurrentProject" in file "/home/odin/.dotnet/sdk/7.0.400/NuGet.targets" from project "/home/odin/CODE/Titan/GUI2/GUI2.csproj" (target "_GenerateRestoreProjectPathItems" depends on it):
   1:3>Done building target "_GenerateRestoreProjectPathItemsCurrentProject" in project "GUI2.csproj".
   1:3>Target "_GenerateRestoreProjectPathItems" in file "/home/odin/.dotnet/sdk/7.0.400/NuGet.targets" from project "/home/odin/CODE/Titan/GUI2/GUI2.csproj" (target "_GenerateRestoreProjectPathWalk" depends on it):
       Task "RemoveDuplicates"
       Done executing task "RemoveDuplicates".
   1:3>Done building target "_GenerateRestoreProjectPathItems" in project "GUI2.csproj".
   1:3>Target "_GenerateRestoreProjectPathWalk" in file "/home/odin/.dotnet/sdk/7.0.400/NuGet.targets" from project "/home/odin/CODE/Titan/GUI2/GUI2.csproj" (entry point):
       Task "MSBuild"
       Done executing task "MSBuild".
       Task "MSBuild" skipped, due to false condition; ( '$(RestoreUseSkipNonexistentTargets)' != 'true' ) was evaluated as ( 'true' != 'true' ).
       Task "RemoveDuplicates"
       Done executing task "RemoveDuplicates".
   1:3>Done building target "_GenerateRestoreProjectPathWalk" in project "GUI2.csproj".
   1:3>Done Building Project "/home/odin/CODE/Titan/GUI2/GUI2.csproj" (_GenerateRestoreProjectPathWalk target(s)).
     1>Done executing task "MSBuild".
       Task "MSBuild" skipped, due to false condition; ( '$(RestoreUseSkipNonexistentTargets)' != 'true' ) was evaluated as ( 'true' != 'true' ).
       Task "RemoveDuplicates"
       Done executing task "RemoveDuplicates".
       Task "MSBuild"
         Global Properties:
           ExcludeRestorePackageImports=true
     1>Project "/home/odin/CODE/Titan/GUI2/GUI2.csproj" (1) is building "/home/odin/CODE/Titan/GUI2/GUI2.csproj" (1:4) on node 1 (_IsProjectRestoreSupported target(s)).
   1:4>Target "_IsProjectRestoreSupported" skipped. Previously built successfully.
   1:4>Done Building Project "/home/odin/CODE/Titan/GUI2/GUI2.csproj" (_IsProjectRestoreSupported target(s)).
     1>Done executing task "MSBuild".
       Task "MSBuild" skipped, due to false condition; ( '$(RestoreUseSkipNonexistentTargets)' != 'true' ) was evaluated as ( 'true' != 'true' ).
     1>Done building target "_GetAllRestoreProjectPathItems" in project "GUI2.csproj".
     1>Target "_GenerateRestoreGraph" in file "/home/odin/.dotnet/sdk/7.0.400/NuGet.targets" from project "/home/odin/CODE/Titan/GUI2/GUI2.csproj" (target "Restore" depends on it):
       Using "Message" task from assembly "Microsoft.Build.Tasks.Core, Version=15.1.0.0, Culture=neutral, PublicKeyToken=b03f5f7f11d50a3a".
       Task "Message"
         Generating dg file
       Done executing task "Message".
       Task "Message"
         /home/odin/CODE/Titan/GUI2/GUI2.csproj
       Done executing task "Message".
       Task "MSBuild"
         Global Properties:
           ExcludeRestorePackageImports=true
     1>Project "/home/odin/CODE/Titan/GUI2/GUI2.csproj" (1) is building "/home/odin/CODE/Titan/GUI2/GUI2.csproj" (1:5) on node 1 (_GenerateRestoreGraphProjectEntry target(s)).
   1:5>Target "_GetProjectJsonPath" in file "/home/odin/.dotnet/sdk/7.0.400/NuGet.targets" from project "/home/odin/CODE/Titan/GUI2/GUI2.csproj" (target "_GetRestoreProjectStyle" depends on it):
   1:5>Task "GetRestoreProjectJsonPathTask" skipped, due to false condition; ( '$(RestoreProjectStyle)' == 'ProjectJson' OR '$(RestoreProjectStyle)' == '' ) was evaluated as ( 'PackageReference' == 'ProjectJson' OR 'PackageReference' == '' ).
   1:5>Done building target "_GetProjectJsonPath" in project "GUI2.csproj".
       Target "_CheckForUnsupportedTargetPlatformIdentifier" skipped, due to false condition; ('$(TargetPlatformIdentifier)' != '' and '$(TargetFrameworkIdentifier)' == '.NETCoreApp' and $([MSBuild]::VersionGreaterThanOrEquals($(TargetFrameworkVersion), 5.0)) And ('$(DesignTimeBuild)' != 'true' Or '@(MissingWorkloadPack)' == '')) was evaluated as ('' != '' and '.NETCoreApp' == '.NETCoreApp' and True And ('' != 'true' Or '' == '')).
       Target "_CheckForMissingWorkload" skipped, due to false condition; ('@(MissingWorkloadPack)' != '' And '$(DesignTimeBuild)' != 'true') was evaluated as ('' != '' And '' != 'true').
   1:5>Target "_CheckForUnsupportedNETCoreVersion" in file "/home/odin/.dotnet/sdk/7.0.400/Sdks/Microsoft.NET.Sdk/targets/Microsoft.NET.TargetFrameworkInference.targets" from project "/home/odin/CODE/Titan/GUI2/GUI2.csproj" (target "CollectPackageReferences" depends on it):
       Task "NETSdkError" skipped, due to false condition; ('$(_TargetFrameworkVersionWithoutV)' > '$(NETCoreAppMaximumVersion)' and '$(DisplayVSMessage)' != 'true') was evaluated as ('7.0' > '7.0' and '' != 'true').
       Task "NETSdkError" skipped, due to false condition; ('$(DisplayVSMessage)' == 'true') was evaluated as ('' == 'true').
   1:5>Done building target "_CheckForUnsupportedNETCoreVersion" in project "GUI2.csproj".
       Target "_CheckForEolTargetFrameworks" skipped, due to false condition; ('@(_EolNetCoreTargetFrameworkVersions->AnyHaveMetadataValue('Identity', '$(_TargetFrameworkVersionWithoutV)'))' and '$(TargetFrameworkIdentifier)' == '.NETCoreApp' and '$(CheckEolTargetFramework)' == 'true') was evaluated as ('false' and '.NETCoreApp' == '.NETCoreApp' and 'true' == 'true').
       Target "_CheckForEolWorkloads" skipped, due to false condition; ('@(EolWorkload)' != '' and '$(CheckEolWorkloads)' == 'true') was evaluated as ('' != '' and 'true' == 'true').
   1:5>Target "_CheckForUnsupportedCppNETCoreVersion" in file "/home/odin/.dotnet/sdk/7.0.400/Sdks/Microsoft.NET.Sdk/targets/Microsoft.NET.TargetFrameworkInference.targets" from project "/home/odin/CODE/Titan/GUI2/GUI2.csproj" (target "CollectPackageReferences" depends on it):
       Task "NETSdkError" skipped, due to false condition; ('$(TargetFrameworkIdentifier)' == '.NETCoreApp' and '$(_TargetFrameworkVersionWithoutV)' < '3.1' and ('$(Language)' == 'C++' and '$(_EnablePackageReferencesInVCProjects)' != 'true')) was evaluated as ('.NETCoreApp' == '.NETCoreApp' and '7.0' < '3.1' and ('C#' == 'C++' and '' != 'true')).
   1:5>Done building target "_CheckForUnsupportedCppNETCoreVersion" in project "GUI2.csproj".
       Target "_CheckForUnsupportedNETStandardVersion" skipped, due to false condition; ('$(TargetFrameworkIdentifier)' == '.NETStandard' And '$(NETStandardMaximumVersion)' != '') was evaluated as ('.NETCoreApp' == '.NETStandard' And '' != '').
       Target "_CheckForUnsupportedTargetFrameworkAndFeatureCombination" skipped, due to false condition; ('$(TargetFrameworkIdentifier)' == '.NETFramework') was evaluated as ('.NETCoreApp' == '.NETFramework').
   1:5>Target "UpdateAspNetToFrameworkReference" in file "/home/odin/.dotnet/sdk/7.0.400/Sdks/Microsoft.NET.Sdk/targets/Microsoft.NET.Sdk.DefaultItems.Shared.targets" from project "/home/odin/CODE/Titan/GUI2/GUI2.csproj" (target "ApplyImplicitVersions" depends on it):
       Using "CheckIfPackageReferenceShouldBeFrameworkReference" task from assembly "/home/odin/.dotnet/sdk/7.0.400/Sdks/Microsoft.NET.Sdk/targets/../tools/net7.0/Microsoft.NET.Build.Tasks.dll".
       Task "CheckIfPackageReferenceShouldBeFrameworkReference"
       Done executing task "CheckIfPackageReferenceShouldBeFrameworkReference".
       Task "NETSdkError" skipped, due to false condition; ('$(_ShouldRemoveAspNetCoreAll)' == 'true') was evaluated as ('False' == 'true').
       Task "CheckIfPackageReferenceShouldBeFrameworkReference"
       Done executing task "CheckIfPackageReferenceShouldBeFrameworkReference".
       Task "NETSdkWarning" skipped, due to false condition; ('$(_ShouldRemoveAspNetCoreApp)' == 'true') was evaluated as ('False' == 'true').
   1:5>Done building target "UpdateAspNetToFrameworkReference" in project "GUI2.csproj".
       Target "IncludeTargetingPackReference" skipped, due to false condition; ('$(TargetFrameworkMoniker)' != '' and '$(TargetFrameworkIdentifier)' == '.NETFramework' and '$(AutomaticallyUseReferenceAssemblyPackages)' == 'true') was evaluated as ('.NETCoreApp,Version=v7.0' != '' and '.NETCoreApp' == '.NETFramework' and 'true' == 'true').
   1:5>Target "CheckForImplicitPackageReferenceOverrides" in file "/home/odin/.dotnet/sdk/7.0.400/Sdks/Microsoft.NET.Sdk/targets/Microsoft.NET.Sdk.DefaultItems.Shared.targets" from project "/home/odin/CODE/Titan/GUI2/GUI2.csproj" (target "ApplyImplicitVersions" depends on it):
       Using "CheckForImplicitPackageReferenceOverrides" task from assembly "/home/odin/.dotnet/sdk/7.0.400/Sdks/Microsoft.NET.Sdk/targets/../tools/net7.0/Microsoft.NET.Build.Tasks.dll".
       Task "CheckForImplicitPackageReferenceOverrides"
       Done executing task "CheckForImplicitPackageReferenceOverrides".
   1:5>Done building target "CheckForImplicitPackageReferenceOverrides" in project "GUI2.csproj".
   1:5>Target "ApplyImplicitVersions" in file "/home/odin/.dotnet/sdk/7.0.400/Sdks/Microsoft.NET.Sdk/targets/Microsoft.NET.Sdk.DefaultItems.Shared.targets" from project "/home/odin/CODE/Titan/GUI2/GUI2.csproj" (target "CollectPackageReferences" depends on it):
       Using "ApplyImplicitVersions" task from assembly "/home/odin/.dotnet/sdk/7.0.400/Sdks/Microsoft.NET.Sdk/targets/../tools/net7.0/Microsoft.NET.Build.Tasks.dll".
       Task "ApplyImplicitVersions"
       Done executing task "ApplyImplicitVersions".
   1:5>Done building target "ApplyImplicitVersions" in project "GUI2.csproj".
       Target "CheckForImplicitPackageReferenceOverrides" skipped. Previously built successfully.
       Target "AddWindowsSdkKnownFrameworkReferences" skipped, due to false condition; ('$(TargetFrameworkIdentifier)' == '.NETCoreApp' And '$(TargetPlatformIdentifier)' == 'Windows') was evaluated as ('.NETCoreApp' == '.NETCoreApp' And '' == 'Windows').
       Target "_NormalizeTargetPlatformVersion" skipped, due to false condition; ('$(TargetPlatformVersion)' != '' and '$(TargetFrameworkIdentifier)' == '.NETCoreApp' and $([MSBuild]::VersionGreaterThanOrEquals($(TargetFrameworkVersion), 5.0)) and ('$(Language)' != 'C++' or '$(_EnablePackageReferencesInVCProjects)' == 'true')) was evaluated as ('' != '' and '.NETCoreApp' == '.NETCoreApp' and True and ('C#' != 'C++' or '' == 'true')).
   1:5>Target "_CheckForLanguageAndFeatureCombinationSupport" in file "/home/odin/.dotnet/sdk/7.0.400/Sdks/Microsoft.NET.Sdk/targets/Microsoft.NET.RuntimeIdentifierInference.targets" from project "/home/odin/CODE/Titan/GUI2/GUI2.csproj" (target "ProcessFrameworkReferences" depends on it):
       Task "NETSdkError" skipped, due to false condition; (('$(Language)' == 'C++' and '$(_EnablePackageReferencesInVCProjects)' != 'true') and $(OutputType) != 'library' and '$(TargetFrameworkIdentifier)' == '.NETCoreApp') was evaluated as (('C#' == 'C++' and '' != 'true') and Exe != 'library' and '.NETCoreApp' == '.NETCoreApp').
       Task "NETSdkError" skipped, due to false condition; (('$(Language)' == 'C++' and '$(_EnablePackageReferencesInVCProjects)' != 'true') and $(EnableComHosting) == 'true') was evaluated as (('C#' == 'C++' and '' != 'true') and  == 'true').
       Task "NETSdkError" skipped, due to false condition; (('$(Language)' == 'C++' and '$(_EnablePackageReferencesInVCProjects)' != 'true') and $(SelfContained) == 'true') was evaluated as (('C#' == 'C++' and '' != 'true') and false == 'true').
   1:5>Done building target "_CheckForLanguageAndFeatureCombinationSupport" in project "GUI2.csproj".
   1:5>Target "ProcessFrameworkReferences" in file "/home/odin/.dotnet/sdk/7.0.400/Sdks/Microsoft.NET.Sdk/targets/Microsoft.NET.Sdk.FrameworkReferenceResolution.targets" from project "/home/odin/CODE/Titan/GUI2/GUI2.csproj" (target "CollectPackageReferences" depends on it):
       Using "CheckForDuplicateFrameworkReferences" task from assembly "/home/odin/.dotnet/sdk/7.0.400/Sdks/Microsoft.NET.Sdk/targets/../tools/net7.0/Microsoft.NET.Build.Tasks.dll".
       Task "CheckForDuplicateFrameworkReferences"
       Done executing task "CheckForDuplicateFrameworkReferences".
       Using "ProcessFrameworkReferences" task from assembly "/home/odin/.dotnet/sdk/7.0.400/Sdks/Microsoft.NET.Sdk/targets/../tools/net7.0/Microsoft.NET.Build.Tasks.dll".
       Task "ProcessFrameworkReferences"
       Done executing task "ProcessFrameworkReferences".
       Using "ResolveAppHosts" task from assembly "/home/odin/.dotnet/sdk/7.0.400/Sdks/Microsoft.NET.Sdk/targets/../tools/net7.0/Microsoft.NET.Build.Tasks.dll".
       Task "ResolveAppHosts"
       Done executing task "ResolveAppHosts".
   1:5>Done building target "ProcessFrameworkReferences" in project "GUI2.csproj".
       Target "IncludeTargetingPackReference" skipped, due to false condition; ('$(TargetFrameworkMoniker)' != '' and '$(TargetFrameworkIdentifier)' == '.NETFramework' and '$(AutomaticallyUseReferenceAssemblyPackages)' == 'true') was evaluated as ('.NETCoreApp,Version=v7.0' != '' and '.NETCoreApp' == '.NETFramework' and 'true' == 'true').
   1:5>Target "_AddMicrosoftNetCompilerToolsetFrameworkPackage" in file "/home/odin/.dotnet/sdk/7.0.400/Sdks/Microsoft.NET.Sdk/targets/Microsoft.NET.Sdk.targets" from project "/home/odin/CODE/Titan/GUI2/GUI2.csproj" (target "CollectPackageReferences" depends on it):
       Task "NETSdkWarning" skipped, due to false condition; ('@(PackageReference->AnyHaveMetadataValue('Identity', 'Microsoft.Net.Compilers.Toolset.Framework'))' == 'true') was evaluated as ('false' == 'true').
   1:5>Done building target "_AddMicrosoftNetCompilerToolsetFrameworkPackage" in project "GUI2.csproj".
   1:5>Target "_CheckForObsoleteDotNetCliToolReferences" in file "/home/odin/.dotnet/sdk/7.0.400/Sdks/Microsoft.NET.Sdk/targets/Microsoft.NET.ObsoleteReferences.targets" from project "/home/odin/CODE/Titan/GUI2/GUI2.csproj" (target "CollectPackageReferences" depends on it):
       Task "NETSdkWarning" skipped, due to false condition; ( '%(_ReferenceToObsoleteDotNetCliTool.Identity)' != '' ) was evaluated as ( '' != '' ).
   1:5>Done building target "_CheckForObsoleteDotNetCliToolReferences" in project "GUI2.csproj".
   1:5>Target "CollectPackageReferences" in file "/home/odin/.dotnet/sdk/7.0.400/NuGet.targets" from project "/home/odin/CODE/Titan/GUI2/GUI2.csproj" (target "_GetRestoreProjectStyle" depends on it):
       Using "CheckForDuplicateNuGetItemsTask" task from assembly "/home/odin/.dotnet/sdk/7.0.400/NuGet.Build.Tasks.dll".
       Task "CheckForDuplicateNuGetItemsTask"
       Done executing task "CheckForDuplicateNuGetItemsTask".
   1:5>Done building target "CollectPackageReferences" in project "GUI2.csproj".
   1:5>Target "_GetRestoreProjectStyle" in file "/home/odin/.dotnet/sdk/7.0.400/NuGet.targets" from project "/home/odin/CODE/Titan/GUI2/GUI2.csproj" (target "_GenerateRestoreSpecs" depends on it):
       Using "GetRestoreProjectStyleTask" task from assembly "/home/odin/.dotnet/sdk/7.0.400/NuGet.Build.Tasks.dll".
       Task "GetRestoreProjectStyleTask"
         (in) HasPackageReferenceItems 'True'
         (in) MSBuildProjectDirectory '/home/odin/CODE/Titan/GUI2'
         (in) MSBuildProjectName 'GUI2'
         (in) ProjectJsonPath ''
         (in) RestoreProjectStyle 'PackageReference'
         (out) IsPackageReferenceCompatibleProjectStyle 'True'
         (out) ProjectStyle 'PackageReference'
       Done executing task "GetRestoreProjectStyleTask".
   1:5>Done building target "_GetRestoreProjectStyle" in project "GUI2.csproj".
   1:5>Target "_GenerateRestoreSpecs" in file "/home/odin/.dotnet/sdk/7.0.400/NuGet.targets" from project "/home/odin/CODE/Titan/GUI2/GUI2.csproj" (target "_GenerateRestoreGraphProjectEntry" depends on it):
       Task "Message"
         Restore entry point /home/odin/CODE/Titan/GUI2/GUI2.csproj
       Done executing task "Message".
   1:5>Done building target "_GenerateRestoreSpecs" in project "GUI2.csproj".
   1:5>Target "_GetRestoreSettingsOverrides" in file "/home/odin/.dotnet/sdk/7.0.400/NuGet.targets" from project "/home/odin/CODE/Titan/GUI2/GUI2.csproj" (target "_GetRestoreSettings" depends on it):
       Task "MSBuild" skipped, due to false condition; ( '$(RestorePackagesPath)' != '' ) was evaluated as ( '' != '' ).
       Task "MSBuild" skipped, due to false condition; ( '$(RestoreRepositoryPathOverride)' != '' ) was evaluated as ( '' != '' ).
       Task "MSBuild" skipped, due to false condition; ( '$(RestoreSources)' != '' ) was evaluated as ( '' != '' ).
       Task "MSBuild" skipped, due to false condition; ( '$(RestoreFallbackFolders)' != '' ) was evaluated as ( '' != '' ).
   1:5>Done building target "_GetRestoreSettingsOverrides" in project "GUI2.csproj".
   1:5>Target "_GetRestoreSettingsPerFramework" in file "/home/odin/.dotnet/sdk/7.0.400/NuGet.targets" from project "/home/odin/CODE/Titan/GUI2/GUI2.csproj" (target "_GetRestoreSettingsCurrentProject" depends on it):
   1:5>Done building target "_GetRestoreSettingsPerFramework" in project "GUI2.csproj".
   1:5>Target "_GetRestoreSettingsCurrentProject" in file "/home/odin/.dotnet/sdk/7.0.400/NuGet.targets" from project "/home/odin/CODE/Titan/GUI2/GUI2.csproj" (target "_GetRestoreSettings" depends on it):
   1:5>Done building target "_GetRestoreSettingsCurrentProject" in project "GUI2.csproj".
       Target "_GetRestoreSettingsAllFrameworks" skipped, due to false condition; ( '$(TargetFrameworks)' != '' AND '$(PackageReferenceCompatibleProjectStyle)' == 'true' ) was evaluated as ( '' != '' AND 'True' == 'true' ).
   1:5>Target "_GetRestoreSettings" in file "/home/odin/.dotnet/sdk/7.0.400/NuGet.targets" from project "/home/odin/CODE/Titan/GUI2/GUI2.csproj" (target "_GenerateDotnetCliToolReferenceSpecs" depends on it):
       Using "GetRestoreSettingsTask" task from assembly "/home/odin/.dotnet/sdk/7.0.400/NuGet.Build.Tasks.dll".
       Task "GetRestoreSettingsTask"
         (in) ProjectUniqueName '/home/odin/CODE/Titan/GUI2/GUI2.csproj'
         (in) RestoreSources ''
         (in) RestorePackagesPath ''
         (in) RestoreRepositoryPath ''
         (in) RestoreFallbackFolders ''
         (in) RestoreConfigFile ''
         (in) RestoreSolutionDirectory ''
         (in) RestoreRootConfigDirectory ''
         (in) RestorePackagesPathOverride ''
         (in) RestoreSourcesOverride ''
         (in) RestoreFallbackFoldersOverride ''
         (in) RestoreProjectStyle 'PackageReference'
         (in) MSBuildStartupDirectory '/home/odin/CODE/Titan/GUI2'
         Assembly loaded during TaskRun (NuGet.Build.Tasks.GetRestoreSettingsTask): NuGet.Configuration, Version=6.7.0.111, Culture=neutral, PublicKeyToken=31bf3856ad364e35 (location: /home/odin/.dotnet/sdk/7.0.400/NuGet.Configuration.dll, MVID: 065fece0-5c02-4c26-857e-2e5c01b1129a, AppDomain: [Default])
         (out) OutputPackagesPath '/home/odin/.nuget/packages/'
         (out) OutputRepositoryPath ''
         (out) OutputSources 'https://api.nuget.org/v3/index.json'
         (out) OutputFallbackFolders ''
         (out) OutputConfigFilePaths '/home/odin/.nuget/NuGet/NuGet.Config'
       Done executing task "GetRestoreSettingsTask".
   1:5>Done building target "_GetRestoreSettings" in project "GUI2.csproj".
   1:5>Target "_GenerateDotnetCliToolReferenceSpecs" in file "/home/odin/.dotnet/sdk/7.0.400/NuGet.targets" from project "/home/odin/CODE/Titan/GUI2/GUI2.csproj" (target "_GenerateRestoreGraphProjectEntry" depends on it):
       Using "GetRestoreDotnetCliToolsTask" task from assembly "/home/odin/.dotnet/sdk/7.0.400/NuGet.Build.Tasks.dll".
       Task "GetRestoreDotnetCliToolsTask"
         (in) ProjectPath '/home/odin/CODE/Titan/GUI2/GUI2.csproj'
         (in) DotnetCliToolReferences ''
         (in) RestoreSources 'https://api.nuget.org/v3/index.json'
         (in) RestorePackagesPath '/home/odin/.nuget/packages/'
         (in) RestoreConfigFilePaths '/home/odin/.nuget/NuGet/NuGet.Config'
       Done executing task "GetRestoreDotnetCliToolsTask".
   1:5>Done building target "_GenerateDotnetCliToolReferenceSpecs" in project "GUI2.csproj".
   1:5>Target "_GenerateRestoreGraphProjectEntry" in file "/home/odin/.dotnet/sdk/7.0.400/NuGet.targets" from project "/home/odin/CODE/Titan/GUI2/GUI2.csproj" (entry point):
   1:5>Done building target "_GenerateRestoreGraphProjectEntry" in project "GUI2.csproj".
   1:5>Done Building Project "/home/odin/CODE/Titan/GUI2/GUI2.csproj" (_GenerateRestoreGraphProjectEntry target(s)).
     1>Done executing task "MSBuild".
       Task "MSBuild"
         Global Properties:
           ExcludeRestorePackageImports=true
     1>Project "/home/odin/CODE/Titan/GUI2/GUI2.csproj" (1) is building "/home/odin/CODE/Titan/GUI2/GUI2.csproj" (1:6) on node 1 (_GenerateProjectRestoreGraph target(s)).
   1:6>Target "_GetRestoreProjectStyle" skipped. Previously built successfully.
       Target "_GetRestoreProjectStyle" skipped. Previously built successfully.
       Target "_GetRestoreProjectStyle" skipped. Previously built successfully.
   1:6>Target "_GetRestoreTargetFrameworkOverride" in file "/home/odin/.dotnet/sdk/7.0.400/NuGet.targets" from project "/home/odin/CODE/Titan/GUI2/GUI2.csproj" (target "_GetRestoreTargetFrameworksOutput" depends on it):
       Task "GetGlobalPropertyValueTask" skipped, due to false condition; ( '$(TargetFrameworks)' != '' ) was evaluated as ( '' != '' ).
   1:6>Done building target "_GetRestoreTargetFrameworkOverride" in project "GUI2.csproj".
   1:6>Target "_GetRestoreTargetFrameworksOutput" in file "/home/odin/.dotnet/sdk/7.0.400/NuGet.targets" from project "/home/odin/CODE/Titan/GUI2/GUI2.csproj" (target "_GenerateRestoreProjectSpec" depends on it):
       Using "GetProjectTargetFrameworksTask" task from assembly "/home/odin/.dotnet/sdk/7.0.400/NuGet.Build.Tasks.dll".
       Task "GetProjectTargetFrameworksTask"
         (in) ProjectPath '/home/odin/CODE/Titan/GUI2/GUI2.csproj'
         (in) TargetFrameworkMoniker '.NETCoreApp,Version=v7.0'
         (in) TargetPlatformIdentifier ''
         (in) TargetPlatformVersion ''
         (in) TargetPlatformMinVersion ''
         (in) TargetFrameworks ''
         (in) TargetFramework 'net7.0'
         (out) ProjectTargetFrameworks 'net7.0'
       Done executing task "GetProjectTargetFrameworksTask".
   1:6>Done building target "_GetRestoreTargetFrameworksOutput" in project "GUI2.csproj".
       Target "_GetRestoreSettings" skipped. Previously built successfully.
   1:6>Target "_GenerateRestoreProjectSpec" in file "/home/odin/.dotnet/sdk/7.0.400/NuGet.targets" from project "/home/odin/CODE/Titan/GUI2/GUI2.csproj" (target "_GenerateProjectRestoreGraph" depends on it):
       Task "ConvertToAbsolutePath"
       Done executing task "ConvertToAbsolutePath".
   1:6>Done building target "_GenerateRestoreProjectSpec" in project "GUI2.csproj".
       Target "_GenerateProjectRestoreGraphAllFrameworks" skipped, due to false condition; ( '$(TargetFrameworks)' != '' ) was evaluated as ( '' != '' ).
       Target "_GetRestoreProjectStyle" skipped. Previously built successfully.
       Target "CollectPackageReferences" skipped. Previously built successfully.
   1:6>Target "CollectPackageDownloads" in file "/home/odin/.dotnet/sdk/7.0.400/NuGet.targets" from project "/home/odin/CODE/Titan/GUI2/GUI2.csproj" (target "_GenerateProjectRestoreGraphPerFramework" depends on it):
       Task "CheckForDuplicateNuGetItemsTask"
       Done executing task "CheckForDuplicateNuGetItemsTask".
   1:6>Done building target "CollectPackageDownloads" in project "GUI2.csproj".
   1:6>Target "CollectFrameworkReferences" in file "/home/odin/.dotnet/sdk/7.0.400/NuGet.targets" from project "/home/odin/CODE/Titan/GUI2/GUI2.csproj" (target "_GenerateProjectRestoreGraphPerFramework" depends on it):
   1:6>Done building target "CollectFrameworkReferences" in project "GUI2.csproj".
   1:6>Target "CollectCentralPackageVersions" in file "/home/odin/.dotnet/sdk/7.0.400/NuGet.targets" from project "/home/odin/CODE/Titan/GUI2/GUI2.csproj" (target "_GenerateProjectRestoreGraphPerFramework" depends on it):
       Task "CheckForDuplicateNuGetItemsTask"
       Done executing task "CheckForDuplicateNuGetItemsTask".
   1:6>Done building target "CollectCentralPackageVersions" in project "GUI2.csproj".
       Target "PrepRestoreForStoreProjects" skipped, due to false condition; ('$(StorePackageName)' != '') was evaluated as ('' != '').
   1:6>Target "_GenerateProjectRestoreGraphPerFramework" in file "/home/odin/.dotnet/sdk/7.0.400/NuGet.targets" from project "/home/odin/CODE/Titan/GUI2/GUI2.csproj" (target "_GenerateProjectRestoreGraphCurrentProject" depends on it):
       Using "GetRestoreProjectReferencesTask" task from assembly "/home/odin/.dotnet/sdk/7.0.400/NuGet.Build.Tasks.dll".
       Task "GetRestoreProjectReferencesTask"
         (in) ProjectUniqueName '/home/odin/CODE/Titan/GUI2/GUI2.csproj'
         (in) TargetFrameworks 'net7.0'
         (in) ProjectReferences ''
         (in) ParentProjectPath '/home/odin/CODE/Titan/GUI2/GUI2.csproj'
       Done executing task "GetRestoreProjectReferencesTask".
       Using "GetRestorePackageReferencesTask" task from assembly "/home/odin/.dotnet/sdk/7.0.400/NuGet.Build.Tasks.dll".
       Task "GetRestorePackageReferencesTask"
         (in) ProjectUniqueName '/home/odin/CODE/Titan/GUI2/GUI2.csproj'
         (in) TargetFrameworks 'net7.0'
         (in) PackageReferences 'Microsoft.AspNetCore.ApiAuthorization.IdentityServer;Microsoft.AspNetCore.Diagnostics.EntityFrameworkCore;Microsoft.AspNetCore.Identity.EntityFrameworkCore;Microsoft.AspNetCore.Identity.UI;Microsoft.AspNetCore.SpaProxy;Microsoft.EntityFrameworkCore.Relational;Microsoft.EntityFrameworkCore.Sqlite;Microsoft.EntityFrameworkCore.Tools'
       Done executing task "GetRestorePackageReferencesTask".
       Task "GetCentralPackageVersionsTask" skipped, due to false condition; ( '$(PackageReferenceCompatibleProjectStyle)' == 'true' AND '$(_CentralPackageVersionsEnabled)' == 'true' ) was evaluated as ( 'True' == 'true' AND '' == 'true' ).
       Using "GetRestorePackageDownloadsTask" task from assembly "/home/odin/.dotnet/sdk/7.0.400/NuGet.Build.Tasks.dll".
       Task "GetRestorePackageDownloadsTask"
         (in) ProjectUniqueName '/home/odin/CODE/Titan/GUI2/GUI2.csproj'
         (in) TargetFrameworks 'net7.0'
         (in) PackageDownloads ''
       Done executing task "GetRestorePackageDownloadsTask".
       Using "GetRestoreFrameworkReferencesTask" task from assembly "/home/odin/.dotnet/sdk/7.0.400/NuGet.Build.Tasks.dll".
       Task "GetRestoreFrameworkReferencesTask"
         (in) ProjectUniqueName '/home/odin/CODE/Titan/GUI2/GUI2.csproj'
         (in) TargetFrameworks 'net7.0'
         (in) FrameworkReferences 'Microsoft.NETCore.App;Microsoft.AspNetCore.App'
       Done executing task "GetRestoreFrameworkReferencesTask".
   1:6>Done building target "_GenerateProjectRestoreGraphPerFramework" in project "GUI2.csproj".
   1:6>Target "_GenerateProjectRestoreGraphCurrentProject" in file "/home/odin/.dotnet/sdk/7.0.400/NuGet.targets" from project "/home/odin/CODE/Titan/GUI2/GUI2.csproj" (target "_GenerateRestoreDependencies" depends on it):
   1:6>Done building target "_GenerateProjectRestoreGraphCurrentProject" in project "GUI2.csproj".
   1:6>Target "_GenerateRestoreDependencies" in file "/home/odin/.dotnet/sdk/7.0.400/NuGet.targets" from project "/home/odin/CODE/Titan/GUI2/GUI2.csproj" (target "_GenerateProjectRestoreGraph" depends on it):
   1:6>Done building target "_GenerateRestoreDependencies" in project "GUI2.csproj".
   1:6>Target "_GenerateProjectRestoreGraph" in file "/home/odin/.dotnet/sdk/7.0.400/NuGet.targets" from project "/home/odin/CODE/Titan/GUI2/GUI2.csproj" (entry point):
   1:6>Done building target "_GenerateProjectRestoreGraph" in project "GUI2.csproj".
   1:6>Done Building Project "/home/odin/CODE/Titan/GUI2/GUI2.csproj" (_GenerateProjectRestoreGraph target(s)).
     1>Done executing task "MSBuild".
     1>Done building target "_GenerateRestoreGraph" in project "GUI2.csproj".
       Target "_CheckForUnsupportedTargetFramework" skipped, due to false condition; ('$(_UnsupportedTargetFrameworkError)' == 'true') was evaluated as ('' == 'true').
     1>Target "_CollectTargetFrameworkForTelemetry" in file "/home/odin/.dotnet/sdk/7.0.400/Sdks/Microsoft.NET.Sdk/targets/Microsoft.NET.TargetFrameworkInference.targets" from project "/home/odin/CODE/Titan/GUI2/GUI2.csproj" (target "Restore" depends on it):
       Using "AllowEmptyTelemetry" task from assembly "/home/odin/.dotnet/sdk/7.0.400/Sdks/Microsoft.NET.Sdk/targets/../tools/net7.0/Microsoft.NET.Build.Tasks.dll".
       Task "AllowEmptyTelemetry"
       Done executing task "AllowEmptyTelemetry".
     1>Done building target "_CollectTargetFrameworkForTelemetry" in project "GUI2.csproj".
     1>Target "_CheckForUnsupportedNETCoreVersion" in file "/home/odin/.dotnet/sdk/7.0.400/Sdks/Microsoft.NET.Sdk/targets/Microsoft.NET.TargetFrameworkInference.targets" from project "/home/odin/CODE/Titan/GUI2/GUI2.csproj" (target "Restore" depends on it):
       Task "NETSdkError" skipped, due to false condition; ('$(_TargetFrameworkVersionWithoutV)' > '$(NETCoreAppMaximumVersion)' and '$(DisplayVSMessage)' != 'true') was evaluated as ('7.0' > '7.0' and '' != 'true').
       Task "NETSdkError" skipped, due to false condition; ('$(DisplayVSMessage)' == 'true') was evaluated as ('' == 'true').
     1>Done building target "_CheckForUnsupportedNETCoreVersion" in project "GUI2.csproj".
       Target "_CheckForEolTargetFrameworks" skipped, due to false condition; ('@(_EolNetCoreTargetFrameworkVersions->AnyHaveMetadataValue('Identity', '$(_TargetFrameworkVersionWithoutV)'))' and '$(TargetFrameworkIdentifier)' == '.NETCoreApp' and '$(CheckEolTargetFramework)' == 'true') was evaluated as ('false' and '.NETCoreApp' == '.NETCoreApp' and 'true' == 'true').
       Target "_CheckForEolWorkloads" skipped, due to false condition; ('@(EolWorkload)' != '' and '$(CheckEolWorkloads)' == 'true') was evaluated as ('' != '' and 'true' == 'true').
     1>Target "_CheckForUnsupportedCppNETCoreVersion" in file "/home/odin/.dotnet/sdk/7.0.400/Sdks/Microsoft.NET.Sdk/targets/Microsoft.NET.TargetFrameworkInference.targets" from project "/home/odin/CODE/Titan/GUI2/GUI2.csproj" (target "Restore" depends on it):
       Task "NETSdkError" skipped, due to false condition; ('$(TargetFrameworkIdentifier)' == '.NETCoreApp' and '$(_TargetFrameworkVersionWithoutV)' < '3.1' and ('$(Language)' == 'C++' and '$(_EnablePackageReferencesInVCProjects)' != 'true')) was evaluated as ('.NETCoreApp' == '.NETCoreApp' and '7.0' < '3.1' and ('C#' == 'C++' and '' != 'true')).
     1>Done building target "_CheckForUnsupportedCppNETCoreVersion" in project "GUI2.csproj".
       Target "_CheckForUnsupportedNETStandardVersion" skipped, due to false condition; ('$(TargetFrameworkIdentifier)' == '.NETStandard' And '$(NETStandardMaximumVersion)' != '') was evaluated as ('.NETCoreApp' == '.NETStandard' And '' != '').
       Target "_CheckForUnsupportedTargetFrameworkAndFeatureCombination" skipped, due to false condition; ('$(TargetFrameworkIdentifier)' == '.NETFramework') was evaluated as ('.NETCoreApp' == '.NETFramework').
     1>Target "Restore" in file "/home/odin/.dotnet/sdk/7.0.400/NuGet.targets" from project "/home/odin/CODE/Titan/GUI2/GUI2.csproj" (entry point):
       Task "RemoveDuplicates"
       Done executing task "RemoveDuplicates".
       Using "RestoreTask" task from assembly "/home/odin/.dotnet/sdk/7.0.400/NuGet.Build.Tasks.dll".
       Task "RestoreTask"
         (in) RestoreGraphItems Count '13'
         (in) RestoreDisableParallel 'False'
         (in) RestoreNoCache 'False'
         (in) RestoreIgnoreFailedSources 'False'
         (in) RestoreRecursive 'True'
         (in) RestoreForce 'False'
         (in) HideWarningsAndErrors 'False'
         (in) RestoreForceEvaluate 'False'
         (in) RestorePackagesConfig 'False'
         Assembly loaded during TaskRun (NuGet.Build.Tasks.RestoreTask): NuGet.Packaging, Version=6.7.0.111, Culture=neutral, PublicKeyToken=31bf3856ad364e35 (location: /home/odin/.dotnet/sdk/7.0.400/NuGet.Packaging.dll, MVID: 406ee2f9-1ad1-4fc3-acd8-46e2634de1a9, AppDomain: [Default])
         Assembly loaded during TaskRun (NuGet.Build.Tasks.RestoreTask): NuGet.LibraryModel, Version=6.7.0.111, Culture=neutral, PublicKeyToken=31bf3856ad364e35 (location: /home/odin/.dotnet/sdk/7.0.400/NuGet.LibraryModel.dll, MVID: 200fc481-eceb-4fb1-a0d3-b3484a802c8a, AppDomain: [Default])
         Assembly loaded during TaskRun (NuGet.Build.Tasks.RestoreTask): NuGet.Versioning, Version=6.7.0.111, Culture=neutral, PublicKeyToken=31bf3856ad364e35 (location: /home/odin/.dotnet/sdk/7.0.400/NuGet.Versioning.dll, MVID: cce7e524-0db7-46c0-a09d-9ecc72139fef, AppDomain: [Default])
         Assembly loaded during TaskRun (NuGet.Build.Tasks.RestoreTask): NuGet.Frameworks, Version=6.7.0.111, Culture=neutral, PublicKeyToken=31bf3856ad364e35 (location: /home/odin/.dotnet/sdk/7.0.400/NuGet.Frameworks.dll, MVID: e5041242-f6e9-48b2-9c8a-b947ad415ac5, AppDomain: [Default])
         Assembly loaded during TaskRun (NuGet.Build.Tasks.RestoreTask): NuGet.Protocol, Version=6.7.0.111, Culture=neutral, PublicKeyToken=31bf3856ad364e35 (location: /home/odin/.dotnet/sdk/7.0.400/NuGet.Protocol.dll, MVID: 29233907-cd4e-44e7-9f05-38601fb11936, AppDomain: [Default])
         Assembly loaded during TaskRun (NuGet.Build.Tasks.RestoreTask): NuGet.Credentials, Version=6.7.0.111, Culture=neutral, PublicKeyToken=31bf3856ad364e35 (location: /home/odin/.dotnet/sdk/7.0.400/NuGet.Credentials.dll, MVID: 7ebd0571-b2bc-4969-a395-e62f10bf640b, AppDomain: [Default])
         Assembly loaded during TaskRun (NuGet.Build.Tasks.RestoreTask): System.Runtime.InteropServices.RuntimeInformation, Version=7.0.0.0, Culture=neutral, PublicKeyToken=b03f5f7f11d50a3a (location: /home/odin/.dotnet/shared/Microsoft.NETCore.App/7.0.10/System.Runtime.InteropServices.RuntimeInformation.dll, MVID: e83e2e5f-fbca-4649-ba93-a67fb606dbe6, AppDomain: [Default])
         Assembly loaded during TaskRun (NuGet.Build.Tasks.RestoreTask): System.Security.Cryptography.X509Certificates, Version=7.0.0.0, Culture=neutral, PublicKeyToken=b03f5f7f11d50a3a (location: /home/odin/.dotnet/shared/Microsoft.NETCore.App/7.0.10/System.Security.Cryptography.X509Certificates.dll, MVID: 34821a45-5308-4de3-8f96-5af1b9de6310, AppDomain: [Default])
         X.509 certificate chain validation will use the fallback certificate bundle at '/home/odin/.dotnet/sdk/7.0.400/trustedroots/codesignctl.pem'.
         X.509 certificate chain validation will use the fallback certificate bundle at '/home/odin/.dotnet/sdk/7.0.400/trustedroots/timestampctl.pem'.
         Assembly loaded during TaskRun (NuGet.Build.Tasks.RestoreTask): NuGet.DependencyResolver.Core, Version=6.7.0.111, Culture=neutral, PublicKeyToken=31bf3856ad364e35 (location: /home/odin/.dotnet/sdk/7.0.400/NuGet.DependencyResolver.Core.dll, MVID: 60f4eee0-4cad-4f21-8bb2-232ead9cc861, AppDomain: [Default])
         Running restore with 2 concurrent jobs.
         Reading project file /home/odin/CODE/Titan/GUI2/GUI2.csproj.
         Assembly loaded during TaskRun (NuGet.Build.Tasks.RestoreTask): System.Security.Cryptography.Primitives, Version=7.0.0.0, Culture=neutral, PublicKeyToken=b03f5f7f11d50a3a (location: /home/odin/.dotnet/shared/Microsoft.NETCore.App/7.0.10/System.Security.Cryptography.Primitives.dll, MVID: 7ca334b6-b9b6-435c-a725-dde44c264deb, AppDomain: [Default])
         Assembly loaded during TaskRun (NuGet.Build.Tasks.RestoreTask): System.Security.Cryptography.Algorithms, Version=7.0.0.0, Culture=neutral, PublicKeyToken=b03f5f7f11d50a3a (location: /home/odin/.dotnet/shared/Microsoft.NETCore.App/7.0.10/System.Security.Cryptography.Algorithms.dll, MVID: 05b334ac-5302-43d1-addd-f0e22878b4a8, AppDomain: [Default])
         Assembly loaded during TaskRun (NuGet.Build.Tasks.RestoreTask): Newtonsoft.Json, Version=13.0.0.0, Culture=neutral, PublicKeyToken=30ad4fe6b2a6aeed (location: /home/odin/.dotnet/sdk/7.0.400/Newtonsoft.Json.dll, MVID: 7ca8898b-690a-4181-a32a-9cf767cedb1e, AppDomain: [Default])
         Assembly loaded during TaskRun (NuGet.Build.Tasks.RestoreTask): System.Runtime.Serialization.Primitives, Version=7.0.0.0, Culture=neutral, PublicKeyToken=b03f5f7f11d50a3a (location: /home/odin/.dotnet/shared/Microsoft.NETCore.App/7.0.10/System.Runtime.Serialization.Primitives.dll, MVID: 3967af99-ee91-4efe-a7e5-4e2311fd5fb7, AppDomain: [Default])
         Restoring packages for /home/odin/CODE/Titan/GUI2/GUI2.csproj...
         Restoring packages for .NETCoreApp,Version=v7.0...
     1>/home/odin/CODE/Titan/GUI2/GUI2.csproj : error NU1301: Unable to load the service index for source https://api.nuget.org/v3/index.json.
     1>/home/odin/CODE/Titan/GUI2/GUI2.csproj : error NU1301: Unable to load the service index for source https://api.nuget.org/v3/index.json.
     1>/home/odin/CODE/Titan/GUI2/GUI2.csproj : error NU1301: Unable to load the service index for source https://api.nuget.org/v3/index.json.
     1>/home/odin/CODE/Titan/GUI2/GUI2.csproj : error NU1301: Unable to load the service index for source https://api.nuget.org/v3/index.json.
     1>/home/odin/CODE/Titan/GUI2/GUI2.csproj : error NU1301: Unable to load the service index for source https://api.nuget.org/v3/index.json.
     1>/home/odin/CODE/Titan/GUI2/GUI2.csproj : error NU1301: Unable to load the service index for source https://api.nuget.org/v3/index.json.
     1>/home/odin/CODE/Titan/GUI2/GUI2.csproj : error NU1301: Unable to load the service index for source https://api.nuget.org/v3/index.json.
     1>/home/odin/CODE/Titan/GUI2/GUI2.csproj : error NU1301: Unable to load the service index for source https://api.nuget.org/v3/index.json.
         Checking compatibility of packages on net7.0.
         All packages and projects are compatible with net7.0.
         Committing restore...
         Generating MSBuild file /home/odin/CODE/Titan/GUI2/obj/GUI2.csproj.nuget.g.props.
         Generating MSBuild file /home/odin/CODE/Titan/GUI2/obj/GUI2.csproj.nuget.g.targets.
         Writing assets file to disk. Path: /home/odin/CODE/Titan/GUI2/obj/project.assets.json
         Writing cache file to disk. Path: /home/odin/CODE/Titan/GUI2/obj/project.nuget.cache
         Persisting dg to /home/odin/CODE/Titan/GUI2/obj/GUI2.csproj.nuget.dgspec.json
         Failed to restore /home/odin/CODE/Titan/GUI2/GUI2.csproj (in 1.35 hr).
         
         NuGet Config files used:
             /home/odin/.nuget/NuGet/NuGet.Config
         
         Feeds used:
             https://api.nuget.org/v3/index.json
       Done executing task "RestoreTask" -- FAILED.
     1>Done building target "Restore" in project "GUI2.csproj" -- FAILED.
     1>Done Building Project "/home/odin/CODE/Titan/GUI2/GUI2.csproj" (Restore target(s)) -- FAILED.

Build FAILED.

       "/home/odin/CODE/Titan/GUI2/GUI2.csproj" (Restore target) (1) ->
       (Restore target) -> 
         /home/odin/CODE/Titan/GUI2/GUI2.csproj : error NU1301: Unable to load the service index for source https://api.nuget.org/v3/index.json.
         /home/odin/CODE/Titan/GUI2/GUI2.csproj : error NU1301: Unable to load the service index for source https://api.nuget.org/v3/index.json.
         /home/odin/CODE/Titan/GUI2/GUI2.csproj : error NU1301: Unable to load the service index for source https://api.nuget.org/v3/index.json.
         /home/odin/CODE/Titan/GUI2/GUI2.csproj : error NU1301: Unable to load the service index for source https://api.nuget.org/v3/index.json.
         /home/odin/CODE/Titan/GUI2/GUI2.csproj : error NU1301: Unable to load the service index for source https://api.nuget.org/v3/index.json.
         /home/odin/CODE/Titan/GUI2/GUI2.csproj : error NU1301: Unable to load the service index for source https://api.nuget.org/v3/index.json.
         /home/odin/CODE/Titan/GUI2/GUI2.csproj : error NU1301: Unable to load the service index for source https://api.nuget.org/v3/index.json.
         /home/odin/CODE/Titan/GUI2/GUI2.csproj : error NU1301: Unable to load the service index for source https://api.nuget.org/v3/index.json.

    0 Warning(s)
    8 Error(s)
